已經開始建置於 2014/11/29 下午 08:31:25。
     1>節點 2 (Build 目標) 上的專案 "D:\user\Gilbert\Video Coding\code\tags\HM-16.2\build\vc10\TAppDecoder_vc10.vcxproj"。
     1>ClCompile:
         C:\Program Files (x86)\Microsoft Visual Studio 11.0\VC\bin\CL.exe /c /I"D:\user\Gilbert\Video Coding\code\tags\HM-16.2\build\\..\source\Lib\\" /I"D:\user\Gilbert\Video Coding\code\tags\HM-16.2\build\\..\compat\msvc" /ZI /nologo /W3 /WX- /Od /Oy- /D WIN32 /D _DEBUG /D _CONSOLE /D _CRT_SECURE_NO_WARNINGS /D _MBCS /Gm /EHsc /RTC1 /MTd /GS /fp:precise /Zc:wchar_t /Zc:forScope /Fo"D:\user\Gilbert\Video Coding\code\tags\HM-16.2\build\\vc10\Win32\Debug\TAppDecoder\\" /Fd"D:\user\Gilbert\Video Coding\code\tags\HM-16.2\build\\vc10\Win32\Debug\TAppDecoder\vc110.pdb" /Gd /TP /analyze- /errorReport:prompt ..\..\source\App\TAppDecoder\decmain.cpp ..\..\source\App\TAppDecoder\TAppDecCfg.cpp ..\..\source\App\TAppDecoder\TAppDecTop.cpp
         TAppDecTop.cpp
         TAppDecCfg.cpp
         decmain.cpp
         正在產生程式碼...
       Link:
         C:\Program Files (x86)\Microsoft Visual Studio 11.0\VC\bin\link.exe /ERRORREPORT:PROMPT /OUT:"D:\user\Gilbert\Video Coding\code\tags\HM-16.2\build\\..\bin\vc10\Win32\Debug\TAppDecoder.exe" /INCREMENTAL /NOLOGO kernel32.lib user32.lib gdi32.lib winspool.lib comdlg32.lib advapi32.lib shell32.lib ole32.lib oleaut32.lib uuid.lib odbc32.lib odbccp32.lib /MANIFEST /MANIFESTUAC:"level='asInvoker' uiAccess='false'" /manifest:embed /DEBUG /PDB:"D:\user\Gilbert\Video Coding\code\tags\HM-16.2\build\\..\bin\vc10\Win32\Debug\TAppDecoder.pdb" /SUBSYSTEM:CONSOLE /TLBID:1 /DYNAMICBASE /NXCOMPAT /IMPLIB:"D:\user\Gilbert\Video Coding\code\tags\HM-16.2\build\\..\bin\vc10\Win32\Debug\TAppDecoder.lib" /MACHINE:X86 /SAFESEH "D:\user\Gilbert\Video Coding\code\tags\HM-16.2\build\\vc10\Win32\Debug\TAppDecoder\decmain.obj"
         "D:\user\Gilbert\Video Coding\code\tags\HM-16.2\build\\vc10\Win32\Debug\TAppDecoder\TAppDecCfg.obj"
         "D:\user\Gilbert\Video Coding\code\tags\HM-16.2\build\\vc10\Win32\Debug\TAppDecoder\TAppDecTop.obj"
         "D:\user\Gilbert\Video Coding\code\tags\HM-16.2\build\vc10\Win32\Debug\TAppCommon\TAppCommon.lib"
         "D:\user\Gilbert\Video Coding\code\tags\HM-16.2\build\vc10\Win32\Debug\TLibCommon\TLibCommon.lib"
         "D:\user\Gilbert\Video Coding\code\tags\HM-16.2\build\vc10\Win32\Debug\TLibDecoder\TLibDecoder.lib"
         "D:\user\Gilbert\Video Coding\code\tags\HM-16.2\build\vc10\Win32\Debug\TLibVideoIo\TLibVideoIO.lib"
     1>decmain.obj : warning LNK4075: 忽略 '/EDITANDCONTINUE'，由於 '/SAFESEH' 規格
         TAppDecoder_vc10.vcxproj -> D:\user\Gilbert\Video Coding\code\tags\HM-16.2\build\\..\bin\vc10\Win32\Debug\TAppDecoder.exe
     1>專案 "D:\user\Gilbert\Video Coding\code\tags\HM-16.2\build\vc10\TAppDecoder_vc10.vcxproj" (Build 目標) 建置完成。

建置成功。

經過時間 00:00:06.14
