已經開始建置於 2014/11/29 下午 08:29:02。
     1>節點 3 (Rebuild 目標) 上的專案 "D:\user\Gilbert\Video Coding\code\tags\HM-16.2\build\vc10\TLibCommon_vc10.vcxproj"。
     1>ClCompile:
         C:\Program Files (x86)\Microsoft Visual Studio 11.0\VC\bin\CL.exe /c /I"D:\user\Gilbert\Video Coding\code\tags\HM-16.2\build\\..\source\Lib\\" /I"D:\user\Gilbert\Video Coding\code\tags\HM-16.2\build\\..\compat\msvc" /ZI /nologo /W3 /WX- /Od /Oy- /D WIN32 /D _DEBUG /D _LIB /D _CRT_SECURE_NO_WARNINGS /D _MBCS /Gm /EHsc /RTC1 /MTd /GS /fp:precise /Zc:wchar_t /Zc:forScope /Fo"D:\user\Gilbert\Video Coding\code\tags\HM-16.2\build\\vc10\Win32\Debug\TLibCommon\\" /Fd"D:\user\Gilbert\Video Coding\code\tags\HM-16.2\build\\vc10\Win32\Debug\TLibCommon\vc110.pdb" /Gd /TC /analyze- /errorReport:prompt ..\..\source\Lib\libmd5\libmd5.c
         libmd5.c
         C:\Program Files (x86)\Microsoft Visual Studio 11.0\VC\bin\CL.exe /c /I"D:\user\Gilbert\Video Coding\code\tags\HM-16.2\build\\..\source\Lib\\" /I"D:\user\Gilbert\Video Coding\code\tags\HM-16.2\build\\..\compat\msvc" /ZI /nologo /W3 /WX- /Od /Oy- /D WIN32 /D _DEBUG /D _LIB /D _CRT_SECURE_NO_WARNINGS /D _MBCS /Gm /EHsc /RTC1 /MTd /GS /fp:precise /Zc:wchar_t /Zc:forScope /Fo"D:\user\Gilbert\Video Coding\code\tags\HM-16.2\build\\vc10\Win32\Debug\TLibCommon\\" /Fd"D:\user\Gilbert\Video Coding\code\tags\HM-16.2\build\\vc10\Win32\Debug\TLibCommon\vc110.pdb" /Gd /TP /analyze- /errorReport:prompt ..\..\source\Lib\TLibCommon\ContextModel.cpp ..\..\source\Lib\TLibCommon\ContextModel3DBuffer.cpp ..\..\source\Lib\TLibCommon\Debug.cpp ..\..\source\Lib\TLibCommon\SEI.cpp ..\..\source\Lib\TLibCommon\TComBitStream.cpp ..\..\source\Lib\TLibCommon\TComCABACTables.cpp ..\..\source\Lib\TLibCommon\TComChromaFormat.cpp ..\..\source\Lib\TLibCommon\TComDataCU.cpp ..\..\source\Lib\TLibCommon\TComInterpolationFilter.cpp ..\..\source\Lib\TLibCommon\TComLoopFilter.cpp ..\..\source\Lib\TLibCommon\TComMotionInfo.cpp ..\..\source\Lib\TLibCommon\TComPattern.cpp ..\..\source\Lib\TLibCommon\TComPic.cpp ..\..\source\Lib\TLibCommon\TComPicSym.cpp ..\..\source\Lib\TLibCommon\TComPicYuv.cpp ..\..\source\Lib\TLibCommon\TComPicYuvMD5.cpp ..\..\source\Lib\TLibCommon\TComPrediction.cpp ..\..\source\Lib\TLibCommon\TComRdCost.cpp ..\..\source\Lib\TLibCommon\TComRdCostWeightPrediction.cpp ..\..\source\Lib\TLibCommon\TComRom.cpp ..\..\source\Lib\TLibCommon\TComSampleAdaptiveOffset.cpp ..\..\source\Lib\TLibCommon\TComSlice.cpp ..\..\source\Lib\TLibCommon\TComTrQuant.cpp ..\..\source\Lib\TLibCommon\TComTU.cpp ..\..\source\Lib\TLibCommon\TComWeightPrediction.cpp ..\..\source\Lib\TLibCommon\TComYuv.cpp
         TComYuv.cpp
         TComWeightPrediction.cpp
         TComTU.cpp
         TComTrQuant.cpp
         TComSlice.cpp
         TComSampleAdaptiveOffset.cpp
         TComRom.cpp
         TComRdCostWeightPrediction.cpp
         TComRdCost.cpp
         TComPrediction.cpp
         TComPicYuvMD5.cpp
         TComPicYuv.cpp
         TComPicSym.cpp
         TComPic.cpp
         TComPattern.cpp
         TComMotionInfo.cpp
         TComLoopFilter.cpp
         TComInterpolationFilter.cpp
         TComDataCU.cpp
         TComChromaFormat.cpp
         正在產生程式碼...
         正在編譯...
         TComCABACTables.cpp
         TComBitStream.cpp
         SEI.cpp
         Debug.cpp
         ContextModel3DBuffer.cpp
         ContextModel.cpp
         正在產生程式碼...
       Lib:
         C:\Program Files (x86)\Microsoft Visual Studio 11.0\VC\bin\Lib.exe /OUT:"D:\user\Gilbert\Video Coding\code\tags\HM-16.2\build\\vc10\Win32\Debug\TLibCommon\TLibCommon.lib" /NOLOGO "D:\user\Gilbert\Video Coding\code\tags\HM-16.2\build\\vc10\Win32\Debug\TLibCommon\libmd5.obj"
         "D:\user\Gilbert\Video Coding\code\tags\HM-16.2\build\\vc10\Win32\Debug\TLibCommon\ContextModel.obj"
         "D:\user\Gilbert\Video Coding\code\tags\HM-16.2\build\\vc10\Win32\Debug\TLibCommon\ContextModel3DBuffer.obj"
         "D:\user\Gilbert\Video Coding\code\tags\HM-16.2\build\\vc10\Win32\Debug\TLibCommon\Debug.obj"
         "D:\user\Gilbert\Video Coding\code\tags\HM-16.2\build\\vc10\Win32\Debug\TLibCommon\SEI.obj"
         "D:\user\Gilbert\Video Coding\code\tags\HM-16.2\build\\vc10\Win32\Debug\TLibCommon\TComBitStream.obj"
         "D:\user\Gilbert\Video Coding\code\tags\HM-16.2\build\\vc10\Win32\Debug\TLibCommon\TComCABACTables.obj"
         "D:\user\Gilbert\Video Coding\code\tags\HM-16.2\build\\vc10\Win32\Debug\TLibCommon\TComChromaFormat.obj"
         "D:\user\Gilbert\Video Coding\code\tags\HM-16.2\build\\vc10\Win32\Debug\TLibCommon\TComDataCU.obj"
         "D:\user\Gilbert\Video Coding\code\tags\HM-16.2\build\\vc10\Win32\Debug\TLibCommon\TComInterpolationFilter.obj"
         "D:\user\Gilbert\Video Coding\code\tags\HM-16.2\build\\vc10\Win32\Debug\TLibCommon\TComLoopFilter.obj"
         "D:\user\Gilbert\Video Coding\code\tags\HM-16.2\build\\vc10\Win32\Debug\TLibCommon\TComMotionInfo.obj"
         "D:\user\Gilbert\Video Coding\code\tags\HM-16.2\build\\vc10\Win32\Debug\TLibCommon\TComPattern.obj"
         "D:\user\Gilbert\Video Coding\code\tags\HM-16.2\build\\vc10\Win32\Debug\TLibCommon\TComPic.obj"
         "D:\user\Gilbert\Video Coding\code\tags\HM-16.2\build\\vc10\Win32\Debug\TLibCommon\TComPicSym.obj"
         "D:\user\Gilbert\Video Coding\code\tags\HM-16.2\build\\vc10\Win32\Debug\TLibCommon\TComPicYuv.obj"
         "D:\user\Gilbert\Video Coding\code\tags\HM-16.2\build\\vc10\Win32\Debug\TLibCommon\TComPicYuvMD5.obj"
         "D:\user\Gilbert\Video Coding\code\tags\HM-16.2\build\\vc10\Win32\Debug\TLibCommon\TComPrediction.obj"
         "D:\user\Gilbert\Video Coding\code\tags\HM-16.2\build\\vc10\Win32\Debug\TLibCommon\TComRdCost.obj"
         "D:\user\Gilbert\Video Coding\code\tags\HM-16.2\build\\vc10\Win32\Debug\TLibCommon\TComRdCostWeightPrediction.obj"
         "D:\user\Gilbert\Video Coding\code\tags\HM-16.2\build\\vc10\Win32\Debug\TLibCommon\TComRom.obj"
         "D:\user\Gilbert\Video Coding\code\tags\HM-16.2\build\\vc10\Win32\Debug\TLibCommon\TComSampleAdaptiveOffset.obj"
         "D:\user\Gilbert\Video Coding\code\tags\HM-16.2\build\\vc10\Win32\Debug\TLibCommon\TComSlice.obj"
         "D:\user\Gilbert\Video Coding\code\tags\HM-16.2\build\\vc10\Win32\Debug\TLibCommon\TComTrQuant.obj"
         "D:\user\Gilbert\Video Coding\code\tags\HM-16.2\build\\vc10\Win32\Debug\TLibCommon\TComTU.obj"
         "D:\user\Gilbert\Video Coding\code\tags\HM-16.2\build\\vc10\Win32\Debug\TLibCommon\TComWeightPrediction.obj"
         "D:\user\Gilbert\Video Coding\code\tags\HM-16.2\build\\vc10\Win32\Debug\TLibCommon\TComYuv.obj"
         TLibCommon_vc10.vcxproj -> D:\user\Gilbert\Video Coding\code\tags\HM-16.2\build\\vc10\Win32\Debug\TLibCommon\TLibCommon.lib
     1>專案 "D:\user\Gilbert\Video Coding\code\tags\HM-16.2\build\vc10\TLibCommon_vc10.vcxproj" (Rebuild 目標) 建置完成。

建置成功。

經過時間 00:00:39.70
