已經開始建置於 2014/11/29 下午 08:29:06。
     1>節點 2 (Rebuild 目標) 上的專案 "D:\user\Gilbert\Video Coding\code\tags\HM-16.2\build\vc10\TLibEncoder_vc10.vcxproj"。
     1>ClCompile:
         C:\Program Files (x86)\Microsoft Visual Studio 11.0\VC\bin\CL.exe /c /I"D:\user\Gilbert\Video Coding\code\tags\HM-16.2\build\\..\source\Lib\\" /I"D:\user\Gilbert\Video Coding\code\tags\HM-16.2\build\\..\compat\msvc" /ZI /nologo /W3 /WX- /Od /Oy- /D WIN32 /D _DEBUG /D _LIB /D _CRT_SECURE_NO_WARNINGS /D _MBCS /Gm /EHsc /RTC1 /MTd /GS /fp:precise /Zc:wchar_t /Zc:forScope /Fo"D:\user\Gilbert\Video Coding\code\tags\HM-16.2\build\\vc10\Win32\Debug\TLibEncoder\\" /Fd"D:\user\Gilbert\Video Coding\code\tags\HM-16.2\build\\vc10\Win32\Debug\TLibEncoder\vc110.pdb" /Gd /TP /analyze- /errorReport:prompt ..\..\source\Lib\TLibEncoder\NALwrite.cpp ..\..\source\Lib\TLibEncoder\SEIwrite.cpp ..\..\source\Lib\TLibEncoder\SyntaxElementWriter.cpp ..\..\source\Lib\TLibEncoder\TEncAnalyze.cpp ..\..\source\Lib\TLibEncoder\TEncBinCoderCABAC.cpp ..\..\source\Lib\TLibEncoder\TEncBinCoderCABACCounter.cpp ..\..\source\Lib\TLibEncoder\TEncCavlc.cpp ..\..\source\Lib\TLibEncoder\TEncCu.cpp ..\..\source\Lib\TLibEncoder\TEncEntropy.cpp ..\..\source\Lib\TLibEncoder\TEncGOP.cpp ..\..\source\Lib\TLibEncoder\TEncPic.cpp ..\..\source\Lib\TLibEncoder\TEncPreanalyzer.cpp ..\..\source\Lib\TLibEncoder\TEncRateCtrl.cpp ..\..\source\Lib\TLibEncoder\TEncSampleAdaptiveOffset.cpp ..\..\source\Lib\TLibEncoder\TEncSbac.cpp ..\..\source\Lib\TLibEncoder\TEncSearch.cpp ..\..\source\Lib\TLibEncoder\TEncSlice.cpp ..\..\source\Lib\TLibEncoder\TEncTop.cpp ..\..\source\Lib\TLibEncoder\WeightPredAnalysis.cpp
         WeightPredAnalysis.cpp
         TEncTop.cpp
         TEncSlice.cpp
         TEncSearch.cpp
         TEncSbac.cpp
         TEncSampleAdaptiveOffset.cpp
         TEncRateCtrl.cpp
         TEncPreanalyzer.cpp
         TEncPic.cpp
         TEncGOP.cpp
     1>d:\user\gilbert\video coding\code\tags\hm-16.2\source\lib\tlibencoder\tencgop.cpp(1644): warning C4244: '引數' : 將 'const Int64' 轉換為 'unsigned int'，由於型別不同，可能導致資料遺失
     1>d:\user\gilbert\video coding\code\tags\hm-16.2\source\lib\tlibencoder\tencgop.cpp(1647): warning C4244: '引數' : 將 'Int64' 轉換為 'unsigned int'，由於型別不同，可能導致資料遺失
         TEncEntropy.cpp
         TEncCu.cpp
         TEncCavlc.cpp
         TEncBinCoderCABACCounter.cpp
         TEncBinCoderCABAC.cpp
         TEncAnalyze.cpp
         SyntaxElementWriter.cpp
         SEIwrite.cpp
         NALwrite.cpp
         正在產生程式碼...
       Lib:
         C:\Program Files (x86)\Microsoft Visual Studio 11.0\VC\bin\Lib.exe /OUT:"D:\user\Gilbert\Video Coding\code\tags\HM-16.2\build\\vc10\Win32\Debug\TLibEncoder\TLibEncoder.lib" /NOLOGO "D:\user\Gilbert\Video Coding\code\tags\HM-16.2\build\\vc10\Win32\Debug\TLibEncoder\NALwrite.obj"
         "D:\user\Gilbert\Video Coding\code\tags\HM-16.2\build\\vc10\Win32\Debug\TLibEncoder\SEIwrite.obj"
         "D:\user\Gilbert\Video Coding\code\tags\HM-16.2\build\\vc10\Win32\Debug\TLibEncoder\SyntaxElementWriter.obj"
         "D:\user\Gilbert\Video Coding\code\tags\HM-16.2\build\\vc10\Win32\Debug\TLibEncoder\TEncAnalyze.obj"
         "D:\user\Gilbert\Video Coding\code\tags\HM-16.2\build\\vc10\Win32\Debug\TLibEncoder\TEncBinCoderCABAC.obj"
         "D:\user\Gilbert\Video Coding\code\tags\HM-16.2\build\\vc10\Win32\Debug\TLibEncoder\TEncBinCoderCABACCounter.obj"
         "D:\user\Gilbert\Video Coding\code\tags\HM-16.2\build\\vc10\Win32\Debug\TLibEncoder\TEncCavlc.obj"
         "D:\user\Gilbert\Video Coding\code\tags\HM-16.2\build\\vc10\Win32\Debug\TLibEncoder\TEncCu.obj"
         "D:\user\Gilbert\Video Coding\code\tags\HM-16.2\build\\vc10\Win32\Debug\TLibEncoder\TEncEntropy.obj"
         "D:\user\Gilbert\Video Coding\code\tags\HM-16.2\build\\vc10\Win32\Debug\TLibEncoder\TEncGOP.obj"
         "D:\user\Gilbert\Video Coding\code\tags\HM-16.2\build\\vc10\Win32\Debug\TLibEncoder\TEncPic.obj"
         "D:\user\Gilbert\Video Coding\code\tags\HM-16.2\build\\vc10\Win32\Debug\TLibEncoder\TEncPreanalyzer.obj"
         "D:\user\Gilbert\Video Coding\code\tags\HM-16.2\build\\vc10\Win32\Debug\TLibEncoder\TEncRateCtrl.obj"
         "D:\user\Gilbert\Video Coding\code\tags\HM-16.2\build\\vc10\Win32\Debug\TLibEncoder\TEncSampleAdaptiveOffset.obj"
         "D:\user\Gilbert\Video Coding\code\tags\HM-16.2\build\\vc10\Win32\Debug\TLibEncoder\TEncSbac.obj"
         "D:\user\Gilbert\Video Coding\code\tags\HM-16.2\build\\vc10\Win32\Debug\TLibEncoder\TEncSearch.obj"
         "D:\user\Gilbert\Video Coding\code\tags\HM-16.2\build\\vc10\Win32\Debug\TLibEncoder\TEncSlice.obj"
         "D:\user\Gilbert\Video Coding\code\tags\HM-16.2\build\\vc10\Win32\Debug\TLibEncoder\TEncTop.obj"
         "D:\user\Gilbert\Video Coding\code\tags\HM-16.2\build\\vc10\Win32\Debug\TLibEncoder\WeightPredAnalysis.obj"
         TLibEncoder_vc10.vcxproj -> D:\user\Gilbert\Video Coding\code\tags\HM-16.2\build\\vc10\Win32\Debug\TLibEncoder\TLibEncoder.lib
     1>專案 "D:\user\Gilbert\Video Coding\code\tags\HM-16.2\build\vc10\TLibEncoder_vc10.vcxproj" (Rebuild 目標) 建置完成。

建置成功。

經過時間 00:00:33.17
